d:\disco\proyectos\github\moufiltr\mousedriver\x64\win8.1debug\package\kmdfsamples.cat
d:\disco\proyectos\github\moufiltr\mousedriver\package\x64\win8.1debug\inf2cat-expand.1076.read.1.tlog
d:\disco\proyectos\github\moufiltr\mousedriver\package\x64\win8.1debug\inf2cat-expand.1076.write.1.tlog
d:\disco\proyectos\github\moufiltr\mousedriver\package\x64\win8.1debug\inf2cat-expand.1124.read.1.tlog
d:\disco\proyectos\github\moufiltr\mousedriver\package\x64\win8.1debug\inf2cat-expand.1124.write.1.tlog
d:\disco\proyectos\github\moufiltr\mousedriver\package\x64\win8.1debug\inf2cat-expand.1428.read.1.tlog
d:\disco\proyectos\github\moufiltr\mousedriver\package\x64\win8.1debug\inf2cat-expand.1428.write.1.tlog
d:\disco\proyectos\github\moufiltr\mousedriver\package\x64\win8.1debug\inf2cat-expand.1860.read.1.tlog
d:\disco\proyectos\github\moufiltr\mousedriver\package\x64\win8.1debug\inf2cat-expand.1860.write.1.tlog
d:\disco\proyectos\github\moufiltr\mousedriver\package\x64\win8.1debug\inf2cat-expand.2088.read.1.tlog
d:\disco\proyectos\github\moufiltr\mousedriver\package\x64\win8.1debug\inf2cat-expand.2088.write.1.tlog
d:\disco\proyectos\github\moufiltr\mousedriver\package\x64\win8.1debug\inf2cat-expand.2168.read.1.tlog
d:\disco\proyectos\github\moufiltr\mousedriver\package\x64\win8.1debug\inf2cat-expand.2168.write.1.tlog
d:\disco\proyectos\github\moufiltr\mousedriver\package\x64\win8.1debug\inf2cat-expand.2612.read.1.tlog
d:\disco\proyectos\github\moufiltr\mousedriver\package\x64\win8.1debug\inf2cat-expand.2612.write.1.tlog
d:\disco\proyectos\github\moufiltr\mousedriver\package\x64\win8.1debug\inf2cat-expand.2784.read.1.tlog
d:\disco\proyectos\github\moufiltr\mousedriver\package\x64\win8.1debug\inf2cat-expand.2784.write.1.tlog
d:\disco\proyectos\github\moufiltr\mousedriver\package\x64\win8.1debug\inf2cat-expand.2828.read.1.tlog
d:\disco\proyectos\github\moufiltr\mousedriver\package\x64\win8.1debug\inf2cat-expand.2828.write.1.tlog
d:\disco\proyectos\github\moufiltr\mousedriver\package\x64\win8.1debug\inf2cat-expand.2840.read.1.tlog
d:\disco\proyectos\github\moufiltr\mousedriver\package\x64\win8.1debug\inf2cat-expand.2840.write.1.tlog
d:\disco\proyectos\github\moufiltr\mousedriver\package\x64\win8.1debug\inf2cat-expand.3140.read.1.tlog
d:\disco\proyectos\github\moufiltr\mousedriver\package\x64\win8.1debug\inf2cat-expand.3140.write.1.tlog
d:\disco\proyectos\github\moufiltr\mousedriver\package\x64\win8.1debug\inf2cat-expand.3172.read.1.tlog
d:\disco\proyectos\github\moufiltr\mousedriver\package\x64\win8.1debug\inf2cat-expand.3172.write.1.tlog
d:\disco\proyectos\github\moufiltr\mousedriver\package\x64\win8.1debug\inf2cat-expand.3300.read.1.tlog
d:\disco\proyectos\github\moufiltr\mousedriver\package\x64\win8.1debug\inf2cat-expand.3300.write.1.tlog
d:\disco\proyectos\github\moufiltr\mousedriver\package\x64\win8.1debug\inf2cat-expand.3476.read.1.tlog
d:\disco\proyectos\github\moufiltr\mousedriver\package\x64\win8.1debug\inf2cat-expand.3476.write.1.tlog
d:\disco\proyectos\github\moufiltr\mousedriver\package\x64\win8.1debug\inf2cat-expand.376.read.1.tlog
d:\disco\proyectos\github\moufiltr\mousedriver\package\x64\win8.1debug\inf2cat-expand.376.write.1.tlog
d:\disco\proyectos\github\moufiltr\mousedriver\package\x64\win8.1debug\inf2cat-expand.4116.read.1.tlog
d:\disco\proyectos\github\moufiltr\mousedriver\package\x64\win8.1debug\inf2cat-expand.4116.write.1.tlog
d:\disco\proyectos\github\moufiltr\mousedriver\package\x64\win8.1debug\inf2cat-expand.4300.read.1.tlog
d:\disco\proyectos\github\moufiltr\mousedriver\package\x64\win8.1debug\inf2cat-expand.4300.write.1.tlog
d:\disco\proyectos\github\moufiltr\mousedriver\package\x64\win8.1debug\inf2cat-expand.4380.read.1.tlog
d:\disco\proyectos\github\moufiltr\mousedriver\package\x64\win8.1debug\inf2cat-expand.4380.write.1.tlog
d:\disco\proyectos\github\moufiltr\mousedriver\package\x64\win8.1debug\inf2cat-expand.4508.read.1.tlog
d:\disco\proyectos\github\moufiltr\mousedriver\package\x64\win8.1debug\inf2cat-expand.4508.write.1.tlog
d:\disco\proyectos\github\moufiltr\mousedriver\package\x64\win8.1debug\inf2cat-expand.5036.read.1.tlog
d:\disco\proyectos\github\moufiltr\mousedriver\package\x64\win8.1debug\inf2cat-expand.5036.write.1.tlog
d:\disco\proyectos\github\moufiltr\mousedriver\package\x64\win8.1debug\inf2cat-expand.5224.read.1.tlog
d:\disco\proyectos\github\moufiltr\mousedriver\package\x64\win8.1debug\inf2cat-expand.5224.write.1.tlog
d:\disco\proyectos\github\moufiltr\mousedriver\package\x64\win8.1debug\inf2cat-expand.5260.read.1.tlog
d:\disco\proyectos\github\moufiltr\mousedriver\package\x64\win8.1debug\inf2cat-expand.5260.write.1.tlog
d:\disco\proyectos\github\moufiltr\mousedriver\package\x64\win8.1debug\inf2cat-expand.5316.read.1.tlog
d:\disco\proyectos\github\moufiltr\mousedriver\package\x64\win8.1debug\inf2cat-expand.5316.write.1.tlog
d:\disco\proyectos\github\moufiltr\mousedriver\package\x64\win8.1debug\inf2cat-expand.5364.read.1.tlog
d:\disco\proyectos\github\moufiltr\mousedriver\package\x64\win8.1debug\inf2cat-expand.5364.write.1.tlog
d:\disco\proyectos\github\moufiltr\mousedriver\package\x64\win8.1debug\inf2cat-expand.5428.read.1.tlog
d:\disco\proyectos\github\moufiltr\mousedriver\package\x64\win8.1debug\inf2cat-expand.5428.write.1.tlog
d:\disco\proyectos\github\moufiltr\mousedriver\package\x64\win8.1debug\inf2cat-expand.5520.read.1.tlog
d:\disco\proyectos\github\moufiltr\mousedriver\package\x64\win8.1debug\inf2cat-expand.5520.write.1.tlog
d:\disco\proyectos\github\moufiltr\mousedriver\package\x64\win8.1debug\inf2cat-expand.5616.read.1.tlog
d:\disco\proyectos\github\moufiltr\mousedriver\package\x64\win8.1debug\inf2cat-expand.5616.write.1.tlog
d:\disco\proyectos\github\moufiltr\mousedriver\package\x64\win8.1debug\inf2cat-expand.5644.read.1.tlog
d:\disco\proyectos\github\moufiltr\mousedriver\package\x64\win8.1debug\inf2cat-expand.5644.write.1.tlog
d:\disco\proyectos\github\moufiltr\mousedriver\package\x64\win8.1debug\inf2cat-expand.5712.read.1.tlog
d:\disco\proyectos\github\moufiltr\mousedriver\package\x64\win8.1debug\inf2cat-expand.5712.write.1.tlog
d:\disco\proyectos\github\moufiltr\mousedriver\package\x64\win8.1debug\inf2cat-expand.5764.read.1.tlog
d:\disco\proyectos\github\moufiltr\mousedriver\package\x64\win8.1debug\inf2cat-expand.5764.write.1.tlog
d:\disco\proyectos\github\moufiltr\mousedriver\package\x64\win8.1debug\inf2cat-expand.5800.read.1.tlog
d:\disco\proyectos\github\moufiltr\mousedriver\package\x64\win8.1debug\inf2cat-expand.5800.write.1.tlog
d:\disco\proyectos\github\moufiltr\mousedriver\package\x64\win8.1debug\inf2cat-expand.5872.read.1.tlog
d:\disco\proyectos\github\moufiltr\mousedriver\package\x64\win8.1debug\inf2cat-expand.5872.write.1.tlog
d:\disco\proyectos\github\moufiltr\mousedriver\package\x64\win8.1debug\inf2cat-expand.5984.read.1.tlog
d:\disco\proyectos\github\moufiltr\mousedriver\package\x64\win8.1debug\inf2cat-expand.5984.write.1.tlog
d:\disco\proyectos\github\moufiltr\mousedriver\package\x64\win8.1debug\inf2cat-expand.6008.read.1.tlog
d:\disco\proyectos\github\moufiltr\mousedriver\package\x64\win8.1debug\inf2cat-expand.6008.write.1.tlog
d:\disco\proyectos\github\moufiltr\mousedriver\package\x64\win8.1debug\inf2cat-expand.6060.read.1.tlog
d:\disco\proyectos\github\moufiltr\mousedriver\package\x64\win8.1debug\inf2cat-expand.6060.write.1.tlog
d:\disco\proyectos\github\moufiltr\mousedriver\package\x64\win8.1debug\inf2cat-expand.6068.read.1.tlog
d:\disco\proyectos\github\moufiltr\mousedriver\package\x64\win8.1debug\inf2cat-expand.6068.write.1.tlog
d:\disco\proyectos\github\moufiltr\mousedriver\package\x64\win8.1debug\inf2cat-expand.6108.read.1.tlog
d:\disco\proyectos\github\moufiltr\mousedriver\package\x64\win8.1debug\inf2cat-expand.6108.write.1.tlog
d:\disco\proyectos\github\moufiltr\mousedriver\package\x64\win8.1debug\inf2cat-expand.6160.read.1.tlog
d:\disco\proyectos\github\moufiltr\mousedriver\package\x64\win8.1debug\inf2cat-expand.6160.write.1.tlog
d:\disco\proyectos\github\moufiltr\mousedriver\package\x64\win8.1debug\inf2cat-expand.6208.read.1.tlog
d:\disco\proyectos\github\moufiltr\mousedriver\package\x64\win8.1debug\inf2cat-expand.6208.write.1.tlog
d:\disco\proyectos\github\moufiltr\mousedriver\package\x64\win8.1debug\inf2cat-expand.6232.read.1.tlog
d:\disco\proyectos\github\moufiltr\mousedriver\package\x64\win8.1debug\inf2cat-expand.6232.write.1.tlog
d:\disco\proyectos\github\moufiltr\mousedriver\package\x64\win8.1debug\inf2cat-expand.6248.read.1.tlog
d:\disco\proyectos\github\moufiltr\mousedriver\package\x64\win8.1debug\inf2cat-expand.6248.write.1.tlog
d:\disco\proyectos\github\moufiltr\mousedriver\package\x64\win8.1debug\inf2cat-expand.6280.read.1.tlog
d:\disco\proyectos\github\moufiltr\mousedriver\package\x64\win8.1debug\inf2cat-expand.6280.write.1.tlog
d:\disco\proyectos\github\moufiltr\mousedriver\package\x64\win8.1debug\inf2cat-expand.6296.read.1.tlog
d:\disco\proyectos\github\moufiltr\mousedriver\package\x64\win8.1debug\inf2cat-expand.6296.write.1.tlog
d:\disco\proyectos\github\moufiltr\mousedriver\package\x64\win8.1debug\inf2cat-expand.6332.read.1.tlog
d:\disco\proyectos\github\moufiltr\mousedriver\package\x64\win8.1debug\inf2cat-expand.6332.write.1.tlog
d:\disco\proyectos\github\moufiltr\mousedriver\package\x64\win8.1debug\inf2cat-expand.6452.read.1.tlog
d:\disco\proyectos\github\moufiltr\mousedriver\package\x64\win8.1debug\inf2cat-expand.6452.write.1.tlog
d:\disco\proyectos\github\moufiltr\mousedriver\package\x64\win8.1debug\inf2cat-expand.6560.read.1.tlog
d:\disco\proyectos\github\moufiltr\mousedriver\package\x64\win8.1debug\inf2cat-expand.6560.write.1.tlog
d:\disco\proyectos\github\moufiltr\mousedriver\package\x64\win8.1debug\inf2cat-expand.6684.read.1.tlog
d:\disco\proyectos\github\moufiltr\mousedriver\package\x64\win8.1debug\inf2cat-expand.6684.write.1.tlog
d:\disco\proyectos\github\moufiltr\mousedriver\package\x64\win8.1debug\inf2cat-expand.6700.read.1.tlog
d:\disco\proyectos\github\moufiltr\mousedriver\package\x64\win8.1debug\inf2cat-expand.6700.write.1.tlog
d:\disco\proyectos\github\moufiltr\mousedriver\package\x64\win8.1debug\inf2cat-expand.6716.read.1.tlog
d:\disco\proyectos\github\moufiltr\mousedriver\package\x64\win8.1debug\inf2cat-expand.6716.write.1.tlog
d:\disco\proyectos\github\moufiltr\mousedriver\package\x64\win8.1debug\inf2cat-expand.6728.read.1.tlog
d:\disco\proyectos\github\moufiltr\mousedriver\package\x64\win8.1debug\inf2cat-expand.6728.write.1.tlog
d:\disco\proyectos\github\moufiltr\mousedriver\package\x64\win8.1debug\inf2cat-expand.6736.read.1.tlog
d:\disco\proyectos\github\moufiltr\mousedriver\package\x64\win8.1debug\inf2cat-expand.6736.write.1.tlog
d:\disco\proyectos\github\moufiltr\mousedriver\package\x64\win8.1debug\inf2cat-expand.6792.read.1.tlog
d:\disco\proyectos\github\moufiltr\mousedriver\package\x64\win8.1debug\inf2cat-expand.6792.write.1.tlog
d:\disco\proyectos\github\moufiltr\mousedriver\package\x64\win8.1debug\inf2cat-expand.6996.read.1.tlog
d:\disco\proyectos\github\moufiltr\mousedriver\package\x64\win8.1debug\inf2cat-expand.6996.write.1.tlog
d:\disco\proyectos\github\moufiltr\mousedriver\package\x64\win8.1debug\inf2cat-expand.784.read.1.tlog
d:\disco\proyectos\github\moufiltr\mousedriver\package\x64\win8.1debug\inf2cat-expand.784.write.1.tlog
d:\disco\proyectos\github\moufiltr\mousedriver\package\x64\win8.1debug\inf2cat-expand.read.1.tlog
d:\disco\proyectos\github\moufiltr\mousedriver\package\x64\win8.1debug\inf2cat-expand.write.1.tlog
d:\disco\proyectos\github\moufiltr\mousedriver\package\x64\win8.1debug\inf2cat.command.1.tlog
d:\disco\proyectos\github\moufiltr\mousedriver\package\x64\win8.1debug\inf2cat.read.1.tlog
d:\disco\proyectos\github\moufiltr\mousedriver\package\x64\win8.1debug\inf2cat.write.1.tlog
d:\disco\proyectos\github\moufiltr\mousedriver\package\x64\win8.1debug\signtool.command.1.tlog
d:\disco\proyectos\github\moufiltr\mousedriver\package\x64\win8.1debug\signtool.read.1.tlog
d:\disco\proyectos\github\moufiltr\mousedriver\package\x64\win8.1debug\signtool.write.1.tlog
