d:\disco\proyectos\github\moufiltr\mousedriver\win8debug\moufiltr.sys
d:\disco\proyectos\github\moufiltr\mousedriver\win8debug\moufiltr.inf
d:\disco\proyectos\github\moufiltr\mousedriver\win8debug\vc120.pdb
d:\disco\proyectos\github\moufiltr\mousedriver\win8debug\moufiltr.obj
d:\disco\proyectos\github\moufiltr\mousedriver\win8debug\moufiltr.pdb
d:\disco\proyectos\github\moufiltr\mousedriver\win8debug\moufiltr.res
d:\disco\proyectos\github\moufiltr\mousedriver\win8debug\signtool.command.1.tlog
d:\disco\proyectos\github\moufiltr\mousedriver\win8debug\signtool.read.1.tlog
d:\disco\proyectos\github\moufiltr\mousedriver\win8debug\signtool.write.1.tlog
d:\disco\proyectos\github\moufiltr\mousedriver\win8debug\stampinf.command.1.tlog
d:\disco\proyectos\github\moufiltr\mousedriver\win8debug\stampinf.read.1.tlog
d:\disco\proyectos\github\moufiltr\mousedriver\win8debug\stampinf.write.1.tlog
d:\disco\proyectos\github\moufiltr\mousedriver\win8debug\moufiltr.tlog\cl.command.1.tlog
d:\disco\proyectos\github\moufiltr\mousedriver\win8debug\moufiltr.tlog\cl.read.1.tlog
d:\disco\proyectos\github\moufiltr\mousedriver\win8debug\moufiltr.tlog\cl.write.1.tlog
d:\disco\proyectos\github\moufiltr\mousedriver\win8debug\moufiltr.tlog\link.command.1.tlog
d:\disco\proyectos\github\moufiltr\mousedriver\win8debug\moufiltr.tlog\link.read.1.tlog
d:\disco\proyectos\github\moufiltr\mousedriver\win8debug\moufiltr.tlog\link.write.1.tlog
d:\disco\proyectos\github\moufiltr\mousedriver\win8debug\moufiltr.tlog\rc.command.1.tlog
d:\disco\proyectos\github\moufiltr\mousedriver\win8debug\moufiltr.tlog\rc.read.1.tlog
d:\disco\proyectos\github\moufiltr\mousedriver\win8debug\moufiltr.tlog\rc.write.1.tlog
