Compilación iniciada a las 24/4/15 2:55:27 a. m..
Proyecto "C:\Users\cesardarinel\Desktop\C++\moufiltr.vcxproj" en el nodo 2 (Build destinos).
StampInf:
  C:\Program Files\Windows Kits\8.1\bin\x86\stampinf.exe -d "*" -a "x86" -v "*" -k "1.11" -u "1.11.0" -f .\Win7Debug\\moufiltr.inf 
  Stamping .\Win7Debug\\moufiltr.inf [Version] section with DriverVer=04/24/2015,2.55.31.115
ClCompile:
  C:\Program Files\Microsoft Visual Studio 12.0\VC\bin\CL.exe /c /IWin7Debug\ /Zi /nologo /W4 /WX /Od /Oi /Oy- /D _X86_=1 /D i386=1 /D STD_CALL /D DEPRECATE_DDK_FUNCTIONS=1 /D MSC_NOOPT /D _WIN32_WINNT=0x0601 /D WINVER=0x0601 /D WINNT=1 /D NTDDI_VERSION=0x06010000 /D DBG=1 /D KMDF_VERSION_MAJOR=1 /D KMDF_VERSION_MINOR=11 /GF /Gm- /Zp8 /GS /Gy /fp:precise /Zc:wchar_t- /Zc:forScope- /GR- /Fo"Win7Debug\\" /Fd"Win7Debug\vc120.pdb" /Gz /wd4748 /wd4603 /wd4627 /wd4986 /wd4987 /wd4996 /FI"C:\Program Files\Windows Kits\8.1\Include\Shared\warning.h" /analyze- /errorReport:prompt /kernel -cbstring /d1import_no_registry /d2AllowCompatibleILVersions /d2Zi+ moufiltr.c
  moufiltr.c
ResourceCompile:
  C:\Program Files\Windows Kits\8.1\bin\x86\rc.exe /D _X86_=1 /D i386=1 /D STD_CALL /D DEPRECATE_DDK_FUNCTIONS=1 /D MSC_NOOPT /D _WIN32_WINNT=0x0601 /D WINVER=0x0601 /D WINNT=1 /D NTDDI_VERSION=0x06010000 /D DBG=1 /D "SMP_ID=\\\"{BE184BC8-C355-4EC5-B569-D2DA06AB5A86}\\\"" /l"0x0409" /I"C:\Program Files\Windows Kits\8.1\Include\UM" /IWin7Debug\ /nologo /fo"Win7Debug\moufiltr.res" moufiltr.rc 
Link:
  C:\Program Files\Microsoft Visual Studio 12.0\VC\bin\link.exe /ERRORREPORT:PROMPT /OUT:"Win7Debug\moufiltr.sys" /VERSION:"6.3" /INCREMENTAL:NO /NOLOGO /WX /SECTION:"INIT,d" "C:\Program Files\Windows Kits\8.1\lib\win7\KM\x86\memcmp.lib" "C:\Program Files\Windows Kits\8.1\lib\win7\KM\x86\BufferOverflowK.lib" "C:\Program Files\Windows Kits\8.1\lib\win7\KM\x86\ntoskrnl.lib" "C:\Program Files\Windows Kits\8.1\lib\win7\KM\x86\hal.lib" "C:\Program Files\Windows Kits\8.1\lib\win7\KM\x86\wmilib.lib" "C:\Program Files\Windows Kits\8.1\lib\wdf\kmdf\x86\1.11\WdfLdr.lib" "C:\Program Files\Windows Kits\8.1\lib\wdf\kmdf\x86\1.11\WdfDriverEntry.lib" /NODEFAULTLIB /MANIFEST:NO /DEBUG /PDB:"Win7Debug\moufiltr.pdb" /SUBSYSTEM:NATIVE,"6.01" /Driver /OPT:REF /OPT:ICF /ENTRY:"FxDriverEntry@8" /RELEASE /IMPLIB:"Win7Debug\moufiltr.lib" /MERGE:"_TEXT=.text;_PAGE=PAGE" /MACHINE:X86 /PROFILE /kernel /IGNORE:4198,4010,4037,4039,4065,4070,4078,4087,4089,4221 /osversion:6.3 /pdbcompress /debugtype:pdata Win7Debug\moufiltr.res
  Win7Debug\moufiltr.obj
  moufiltr.vcxproj -> C:\Users\cesardarinel\Desktop\C++\Win7Debug\moufiltr.sys
DriverTestSign:
  C:\Program Files\Windows Kits\8.1\bin\x86\signtool.exe sign /ph /sha1 "28DFF674E28D514D4F267C3CFF5884E9F73B7927" 
  Done Adding Additional Store
  Successfully signed: C:\Users\cesardarinel\Desktop\C++\Win7Debug\moufiltr.sys
  
Compilación del proyecto terminada "C:\Users\cesardarinel\Desktop\C++\moufiltr.vcxproj" (Build destinos).

Compilación correcta.

Tiempo transcurrido 00:00:13.18
