Compilación iniciada a las 4/9/2015 1:24:19 PM.
     1>Proyecto "C:\Users\cesardarinel\Desktop\Proyecto Final\MouseDriver\moufiltr.vcxproj" en el nodo 2 (Rebuild destinos).
     1>StampInf:
         C:\Program Files (x86)\Windows Kits\8.1\bin\x86\stampinf.exe -d "*" -a "x86" -v "*" -k "1.11" -u "1.11.0" -f .\Win8.1Debug\\moufiltr.inf 
         Stamping .\Win8.1Debug\\moufiltr.inf [Version] section with DriverVer=04/09/2015,13.24.20.48
       ClCompile:
         C:\Program Files (x86)\Microsoft Visual Studio 12.0\VC\bin\CL.exe /c /IWin8.1Debug\ /Zi /nologo /W4 /WX /Od /Oi /Oy- /D _X86_=1 /D i386=1 /D STD_CALL /D DEPRECATE_DDK_FUNCTIONS=1 /D MSC_NOOPT /D _WIN32_WINNT=0x0603 /D WINVER=0x0603 /D WINNT=1 /D NTDDI_VERSION=0x06030000 /D DBG=1 /D KMDF_VERSION_MAJOR=1 /D KMDF_VERSION_MINOR=11 /GF /Gm- /Zp8 /GS /Gy /fp:precise /Zc:wchar_t- /Zc:forScope- /GR- /Fo"Win8.1Debug\\" /Fd"Win8.1Debug\vc120.pdb" /Gz /wd4748 /wd4603 /wd4627 /wd4986 /wd4987 /wd4996 /FI"C:\Program Files (x86)\Windows Kits\8.1\Include\Shared\warning.h" /analyze- /errorReport:prompt /kernel -cbstring /d1import_no_registry /d2AllowCompatibleILVersions /d2Zi+ moufiltr.c
         moufiltr.c
       ResourceCompile:
         C:\Program Files (x86)\Windows Kits\8.1\bin\x86\rc.exe /D _X86_=1 /D i386=1 /D STD_CALL /D DEPRECATE_DDK_FUNCTIONS=1 /D MSC_NOOPT /D _WIN32_WINNT=0x0603 /D WINVER=0x0603 /D WINNT=1 /D NTDDI_VERSION=0x06030000 /D DBG=1 /D "SMP_ID=\\\"{BE184BC8-C355-4EC5-B569-D2DA06AB5A86}\\\"" /l"0x0409" /I"C:\Program Files (x86)\Windows Kits\8.1\Include\UM" /IWin8.1Debug\ /nologo /fo"Win8.1Debug\moufiltr.res" moufiltr.rc 
       Link:
         C:\Program Files (x86)\Microsoft Visual Studio 12.0\VC\bin\link.exe /ERRORREPORT:PROMPT /OUT:"Win8.1Debug\moufiltr.sys" /VERSION:"6.3" /INCREMENTAL:NO /NOLOGO /WX /SECTION:"INIT,d" "C:\Program Files (x86)\Windows Kits\8.1\lib\winV6.3\KM\x86\BufferOverflowFastFailK.lib" "C:\Program Files (x86)\Windows Kits\8.1\lib\winV6.3\KM\x86\ntoskrnl.lib" "C:\Program Files (x86)\Windows Kits\8.1\lib\winV6.3\KM\x86\hal.lib" "C:\Program Files (x86)\Windows Kits\8.1\lib\winV6.3\KM\x86\wmilib.lib" "C:\Program Files (x86)\Windows Kits\8.1\lib\wdf\kmdf\x86\1.11\WdfLdr.lib" "C:\Program Files (x86)\Windows Kits\8.1\lib\wdf\kmdf\x86\1.11\WdfDriverEntry.lib" /NODEFAULTLIB /MANIFEST:NO /DEBUG /PDB:"Win8.1Debug\moufiltr.pdb" /SUBSYSTEM:NATIVE,"6.03" /Driver /OPT:REF /OPT:ICF /ENTRY:"FxDriverEntry@8" /RELEASE /IMPLIB:"Win8.1Debug\moufiltr.lib" /MERGE:"_TEXT=.text;_PAGE=PAGE" /MACHINE:X86 /PROFILE /kernel /IGNORE:4198,4010,4037,4039,4065,4070,4078,4087,4089,4221 /osversion:6.3 /pdbcompress /debugtype:pdata Win8.1Debug\moufiltr.res
         Win8.1Debug\moufiltr.obj
         moufiltr.vcxproj -> C:\Users\cesardarinel\Desktop\Proyecto Final\MouseDriver\Win8.1Debug\moufiltr.sys
       DriverTestSign:
         C:\Program Files (x86)\Windows Kits\8.1\bin\x86\signtool.exe sign /ph /sha1 "14741A28763E6FB4350C27279A7087F32610AA92" 
         Done Adding Additional Store
         Successfully signed: C:\Users\cesardarinel\Desktop\Proyecto Final\MouseDriver\Win8.1Debug\moufiltr.sys
         
     1>Compilación del proyecto terminada "C:\Users\cesardarinel\Desktop\Proyecto Final\MouseDriver\moufiltr.vcxproj" (Rebuild destinos).

Compilación correcta.

Tiempo transcurrido 00:00:00.78
