c:\users\cesardarinel\desktop\proyecto final\mousedriver\win8.1debug\moufiltr.sys
c:\users\cesardarinel\desktop\proyecto final\mousedriver\win8.1debug\moufiltr.inf
c:\users\cesardarinel\desktop\proyecto final\mousedriver\win8.1debug\vc120.pdb
c:\users\cesardarinel\desktop\proyecto final\mousedriver\win8.1debug\moufiltr.obj
c:\users\cesardarinel\desktop\proyecto final\mousedriver\win8.1debug\moufiltr.pdb
c:\users\cesardarinel\desktop\proyecto final\mousedriver\win8.1debug\moufiltr.res
c:\users\cesardarinel\desktop\proyecto final\mousedriver\win8.1debug\signtool.command.1.tlog
c:\users\cesardarinel\desktop\proyecto final\mousedriver\win8.1debug\signtool.read.1.tlog
c:\users\cesardarinel\desktop\proyecto final\mousedriver\win8.1debug\signtool.write.1.tlog
c:\users\cesardarinel\desktop\proyecto final\mousedriver\win8.1debug\stampinf.command.1.tlog
c:\users\cesardarinel\desktop\proyecto final\mousedriver\win8.1debug\stampinf.read.1.tlog
c:\users\cesardarinel\desktop\proyecto final\mousedriver\win8.1debug\stampinf.write.1.tlog
c:\users\cesardarinel\desktop\proyecto final\mousedriver\win8.1debug\moufiltr.tlog\cl.command.1.tlog
c:\users\cesardarinel\desktop\proyecto final\mousedriver\win8.1debug\moufiltr.tlog\cl.read.1.tlog
c:\users\cesardarinel\desktop\proyecto final\mousedriver\win8.1debug\moufiltr.tlog\cl.write.1.tlog
c:\users\cesardarinel\desktop\proyecto final\mousedriver\win8.1debug\moufiltr.tlog\link.command.1.tlog
c:\users\cesardarinel\desktop\proyecto final\mousedriver\win8.1debug\moufiltr.tlog\link.read.1.tlog
c:\users\cesardarinel\desktop\proyecto final\mousedriver\win8.1debug\moufiltr.tlog\link.write.1.tlog
c:\users\cesardarinel\desktop\proyecto final\mousedriver\win8.1debug\moufiltr.tlog\rc.command.1.tlog
c:\users\cesardarinel\desktop\proyecto final\mousedriver\win8.1debug\moufiltr.tlog\rc.read.1.tlog
c:\users\cesardarinel\desktop\proyecto final\mousedriver\win8.1debug\moufiltr.tlog\rc.write.1.tlog
