Compilación iniciada a las 24/4/15 4:08:15 a. m..
Proyecto "C:\Users\cesardarinel\Desktop\C++\moufiltr.vcxproj" en el nodo 2 (Build destinos).
StampInf:
  C:\Program Files\Windows Kits\8.1\bin\x86\stampinf.exe -d "*" -a "amd64" -v "*" -k "1.11" -u "1.11.0" -f .\x64\Win8.1Debug\\moufiltr.inf 
  Stamping .\x64\Win8.1Debug\\moufiltr.inf [Version] section with DriverVer=04/24/2015,4.8.21.274
ClCompile:
  C:\Program Files\Microsoft Visual Studio 12.0\VC\bin\x86_amd64\CL.exe /c /Ix64\Win8.1Debug\ /Zi /nologo /W4 /WX /Od /Oi /Oy- /D _WIN64 /D _AMD64_ /D AMD64 /D DEPRECATE_DDK_FUNCTIONS=1 /D MSC_NOOPT /D _WIN32_WINNT=0x0603 /D WINVER=0x0603 /D WINNT=1 /D NTDDI_VERSION=0x06030000 /D DBG=1 /D KMDF_VERSION_MAJOR=1 /D KMDF_VERSION_MINOR=11 /GF /Gm- /Zp8 /GS /Gy /fp:precise /Zc:wchar_t- /Zc:forScope- /GR- /Fo"x64\Win8.1Debug\\" /Fd"x64\Win8.1Debug\vc120.pdb" /Gz /wd4748 /wd4603 /wd4627 /wd4986 /wd4987 /wd4996 /FI"C:\Program Files\Windows Kits\8.1\Include\Shared\warning.h" /errorReport:prompt /kernel -cbstring -d2epilogunwind /d1import_no_registry /d2AllowCompatibleILVersions /d2Zi+ moufiltr.c
  moufiltr.c
ResourceCompile:
  C:\Program Files\Windows Kits\8.1\bin\x86\rc.exe /D _WIN64 /D _AMD64_=1 /D AMD64 /D DEPRECATE_DDK_FUNCTIONS=1 /D MSC_NOOPT /D _WIN32_WINNT=0x0603 /D WINVER=0x0603 /D WINNT=1 /D NTDDI_VERSION=0x06030000 /D DBG=1 /D "SMP_ID=\\\"{BE184BC8-C355-4EC5-B569-D2DA06AB5A86}\\\"" /l"0x0409" /I"C:\Program Files\Windows Kits\8.1\Include\UM" /Ix64\Win8.1Debug\ /nologo /fo"x64\Win8.1Debug\moufiltr.res" moufiltr.rc 
Link:
  C:\Program Files\Microsoft Visual Studio 12.0\VC\bin\x86_amd64\link.exe /ERRORREPORT:PROMPT /OUT:"x64\Win8.1Debug\moufiltr.sys" /VERSION:"6.3" /INCREMENTAL:NO /NOLOGO /WX /SECTION:"INIT,d" "C:\Program Files\Windows Kits\8.1\lib\winV6.3\KM\x64\BufferOverflowFastFailK.lib" "C:\Program Files\Windows Kits\8.1\lib\winV6.3\KM\x64\ntoskrnl.lib" "C:\Program Files\Windows Kits\8.1\lib\winV6.3\KM\x64\hal.lib" "C:\Program Files\Windows Kits\8.1\lib\winV6.3\KM\x64\wmilib.lib" "C:\Program Files\Windows Kits\8.1\lib\wdf\kmdf\x64\1.11\WdfLdr.lib" "C:\Program Files\Windows Kits\8.1\lib\wdf\kmdf\x64\1.11\WdfDriverEntry.lib" /NODEFAULTLIB /MANIFEST:NO /DEBUG /PDB:"x64\Win8.1Debug\moufiltr.pdb" /SUBSYSTEM:NATIVE,"6.03" /Driver /OPT:REF /OPT:ICF /ENTRY:"FxDriverEntry" /RELEASE /IMPLIB:"x64\Win8.1Debug\moufiltr.lib" /MERGE:"_TEXT=.text;_PAGE=PAGE" /MACHINE:X64 /PROFILE /kernel /IGNORE:4198,4010,4037,4039,4065,4070,4078,4087,4089,4221,4108,4088,4218,4218,4235 /osversion:6.3 /pdbcompress /debugtype:pdata x64\Win8.1Debug\moufiltr.res
  x64\Win8.1Debug\moufiltr.obj
  moufiltr.vcxproj -> C:\Users\cesardarinel\Desktop\C++\x64\Win8.1Debug\moufiltr.sys
DriverTestSign:
  C:\Program Files\Windows Kits\8.1\bin\x86\signtool.exe sign /ph /sha1 "28DFF674E28D514D4F267C3CFF5884E9F73B7927" 
  Done Adding Additional Store
  Successfully signed: C:\Users\cesardarinel\Desktop\C++\x64\Win8.1Debug\moufiltr.sys
  
Compilación del proyecto terminada "C:\Users\cesardarinel\Desktop\C++\moufiltr.vcxproj" (Build destinos).

Compilación correcta.

Tiempo transcurrido 00:00:32.71
