d:\disco\proyectos\github\moufiltr\mousedriver\x64\win7debug\moufiltr.sys
d:\disco\proyectos\github\moufiltr\mousedriver\x64\win7debug\moufiltr.inf
d:\disco\proyectos\github\moufiltr\mousedriver\x64\win7debug\vc120.pdb
d:\disco\proyectos\github\moufiltr\mousedriver\x64\win7debug\moufiltr.obj
d:\disco\proyectos\github\moufiltr\mousedriver\x64\win7debug\moufiltr.pdb
d:\disco\proyectos\github\moufiltr\mousedriver\x64\win7debug\moufiltr.res
d:\disco\proyectos\github\moufiltr\mousedriver\x64\win7debug\signtool.command.1.tlog
d:\disco\proyectos\github\moufiltr\mousedriver\x64\win7debug\signtool.read.1.tlog
d:\disco\proyectos\github\moufiltr\mousedriver\x64\win7debug\signtool.write.1.tlog
d:\disco\proyectos\github\moufiltr\mousedriver\x64\win7debug\stampinf.command.1.tlog
d:\disco\proyectos\github\moufiltr\mousedriver\x64\win7debug\stampinf.read.1.tlog
d:\disco\proyectos\github\moufiltr\mousedriver\x64\win7debug\stampinf.write.1.tlog
d:\disco\proyectos\github\moufiltr\mousedriver\x64\win7debug\moufiltr.tlog\cl.command.1.tlog
d:\disco\proyectos\github\moufiltr\mousedriver\x64\win7debug\moufiltr.tlog\cl.read.1.tlog
d:\disco\proyectos\github\moufiltr\mousedriver\x64\win7debug\moufiltr.tlog\cl.write.1.tlog
d:\disco\proyectos\github\moufiltr\mousedriver\x64\win7debug\moufiltr.tlog\link.command.1.tlog
d:\disco\proyectos\github\moufiltr\mousedriver\x64\win7debug\moufiltr.tlog\link.read.1.tlog
d:\disco\proyectos\github\moufiltr\mousedriver\x64\win7debug\moufiltr.tlog\link.write.1.tlog
d:\disco\proyectos\github\moufiltr\mousedriver\x64\win7debug\moufiltr.tlog\rc.command.1.tlog
d:\disco\proyectos\github\moufiltr\mousedriver\x64\win7debug\moufiltr.tlog\rc.read.1.tlog
d:\disco\proyectos\github\moufiltr\mousedriver\x64\win7debug\moufiltr.tlog\rc.write.1.tlog
